{"/Users/ericamarroquin/Desktop/week-5/test-it/src/pigdice.js": {"path":"/Users/ericamarroquin/Desktop/week-5/test-it/src/pigdice.js","statementMap":{"0":{"start":{"line":2,"column":14},"end":{"line":2,"column":26}},"1":{"start":{"line":3,"column":14},"end":{"line":3,"column":27}},"2":{"start":{"line":4,"column":2},"end":{"line":4,"column":53}}},"fnMap":{"0":{"name":"roll","decl":{"start":{"line":1,"column":16},"end":{"line":1,"column":20}},"loc":{"start":{"line":1,"column":23},"end":{"line":5,"column":1}},"line":1}},"branchMap":{},"s":{"0":1,"1":1,"2":1},"f":{"0":1},"b":{},"_coverageSchema":"43e27e138ebf9cfc5966b082cf9a028302ed4184","hash":"e6018a6e6adef2f98ded827fe8b01476f87394cc"}
}
